d:\yo_dan\documents\cpp\riseofthefrogs\riseofthefrogs\debug\vc142.pdb
d:\yo_dan\documents\cpp\riseofthefrogs\riseofthefrogs\debug\vc142.idb
d:\yo_dan\documents\cpp\riseofthefrogs\riseofthefrogs\debug\corefunctions.obj
d:\yo_dan\documents\cpp\riseofthefrogs\riseofthefrogs\debug\battleclass.obj
d:\yo_dan\documents\cpp\riseofthefrogs\riseofthefrogs\debug\unitclass.obj
d:\yo_dan\documents\cpp\riseofthefrogs\riseofthefrogs\debug\questclass.obj
d:\yo_dan\documents\cpp\riseofthefrogs\riseofthefrogs\debug\itemclass.obj
d:\yo_dan\documents\cpp\riseofthefrogs\riseofthefrogs\debug\environmentclass.obj
d:\yo_dan\documents\cpp\riseofthefrogs\riseofthefrogs\debug\commandclass.obj
d:\yo_dan\documents\cpp\riseofthefrogs\riseofthefrogs\debug\achievementclass.obj
d:\yo_dan\documents\cpp\riseofthefrogs\riseofthefrogs\debug\abilityclass.obj
d:\yo_dan\documents\cpp\riseofthefrogs\riseofthefrogs\debug\riseofthefrogs.obj
d:\yo_dan\documents\cpp\riseofthefrogs\riseofthefrogs\debug\riseofthefrogs.exe
d:\yo_dan\documents\cpp\riseofthefrogs\riseofthefrogs\debug\riseofthefrogs.ilk
d:\yo_dan\documents\cpp\riseofthefrogs\riseofthefrogs\debug\riseofthefrogs.pdb
d:\yo_dan\documents\cpp\riseofthefrogs\riseofthefrogs\debug\abilityclass.nativecodeanalysis.xml
d:\yo_dan\documents\cpp\riseofthefrogs\riseofthefrogs\debug\achievementclass.nativecodeanalysis.xml
d:\yo_dan\documents\cpp\riseofthefrogs\riseofthefrogs\debug\battleclass.nativecodeanalysis.xml
d:\yo_dan\documents\cpp\riseofthefrogs\riseofthefrogs\debug\commandclass.nativecodeanalysis.xml
d:\yo_dan\documents\cpp\riseofthefrogs\riseofthefrogs\debug\corefunctions.nativecodeanalysis.xml
d:\yo_dan\documents\cpp\riseofthefrogs\riseofthefrogs\debug\environmentclass.nativecodeanalysis.xml
d:\yo_dan\documents\cpp\riseofthefrogs\riseofthefrogs\debug\itemclass.nativecodeanalysis.xml
d:\yo_dan\documents\cpp\riseofthefrogs\riseofthefrogs\debug\questclass.nativecodeanalysis.xml
d:\yo_dan\documents\cpp\riseofthefrogs\riseofthefrogs\debug\riseofthefrogs.nativecodeanalysis.xml
d:\yo_dan\documents\cpp\riseofthefrogs\riseofthefrogs\debug\unitclass.nativecodeanalysis.xml
d:\yo_dan\documents\cpp\riseofthefrogs\riseofthefrogs\debug\vc.nativecodeanalysis.all.xml
d:\yo_dan\documents\cpp\riseofthefrogs\riseofthefrogs\debug\riseofthefrogs.tlog\cl.command.1.tlog
d:\yo_dan\documents\cpp\riseofthefrogs\riseofthefrogs\debug\riseofthefrogs.tlog\cl.read.1.tlog
d:\yo_dan\documents\cpp\riseofthefrogs\riseofthefrogs\debug\riseofthefrogs.tlog\cl.write.1.tlog
d:\yo_dan\documents\cpp\riseofthefrogs\riseofthefrogs\debug\riseofthefrogs.tlog\link.command.1.tlog
d:\yo_dan\documents\cpp\riseofthefrogs\riseofthefrogs\debug\riseofthefrogs.tlog\link.read.1.tlog
d:\yo_dan\documents\cpp\riseofthefrogs\riseofthefrogs\debug\riseofthefrogs.tlog\link.write.1.tlog
