d:\yo_dan\documents\cpp\riseofthefrogs\riseofthefrogs\release\vc142.pdb
d:\yo_dan\documents\cpp\riseofthefrogs\riseofthefrogs\release\riseofthefrogs.obj
d:\yo_dan\documents\cpp\riseofthefrogs\riseofthefrogs\release\unitclass.obj
d:\yo_dan\documents\cpp\riseofthefrogs\riseofthefrogs\release\objectclass.obj
d:\yo_dan\documents\cpp\riseofthefrogs\riseofthefrogs\release\commandclass.obj
d:\yo_dan\documents\cpp\riseofthefrogs\riseofthefrogs\release\environmentclass.obj
d:\yo_dan\documents\cpp\riseofthefrogs\riseofthefrogs\release\corefunctions.obj
d:\yo_dan\documents\cpp\riseofthefrogs\riseofthefrogs\release\battleclass.obj
d:\yo_dan\documents\cpp\riseofthefrogs\riseofthefrogs\release\abilityclass.obj
d:\yo_dan\documents\cpp\riseofthefrogs\riseofthefrogs\release\questclass.obj
d:\yo_dan\documents\cpp\riseofthefrogs\riseofthefrogs\release\itemclass.obj
d:\yo_dan\documents\cpp\riseofthefrogs\riseofthefrogs\release\achievementclass.obj
d:\yo_dan\documents\cpp\riseofthefrogs\riseofthefrogs\release\riseofthefrogs.exe
d:\yo_dan\documents\cpp\riseofthefrogs\riseofthefrogs\release\riseofthefrogs.pdb
d:\yo_dan\documents\cpp\riseofthefrogs\riseofthefrogs\release\riseofthefrogs.ipdb
d:\yo_dan\documents\cpp\riseofthefrogs\riseofthefrogs\release\riseofthefrogs.iobj
d:\yo_dan\documents\cpp\riseofthefrogs\riseofthefrogs\release\riseofthefrogs.tlog\cl.command.1.tlog
d:\yo_dan\documents\cpp\riseofthefrogs\riseofthefrogs\release\riseofthefrogs.tlog\cl.read.1.tlog
d:\yo_dan\documents\cpp\riseofthefrogs\riseofthefrogs\release\riseofthefrogs.tlog\cl.write.1.tlog
d:\yo_dan\documents\cpp\riseofthefrogs\riseofthefrogs\release\riseofthefrogs.tlog\link.command.1.tlog
d:\yo_dan\documents\cpp\riseofthefrogs\riseofthefrogs\release\riseofthefrogs.tlog\link.read.1.tlog
d:\yo_dan\documents\cpp\riseofthefrogs\riseofthefrogs\release\riseofthefrogs.tlog\link.write.1.tlog
d:\yo_dan\documents\cpp\riseofthefrogs\riseofthefrogs\release\riseofthefrogs.tlog\riseofthefrogs.write.1u.tlog
